Assembler report for traffic_light
Sun Feb 27 13:09:47 2022
Quartus Prime Version 18.1.0 Build 625 09/12/2018 SJ Lite Edition


---------------------
; Table of Contents ;
---------------------
  1. Legal Notice
  2. Assembler Summary
  3. Assembler Settings
  4. Assembler Generated Files
  5. Assembler Device Options: C:/Users/grace/source/repos/Uni-Projects/BME 393L/Lab 4/4_4_traffic_light/output_files/traffic_light.sof
  6. Assembler Device Options: C:/Users/grace/source/repos/Uni-Projects/BME 393L/Lab 4/4_4_traffic_light/output_files/traffic_light.pof
  7. Assembler Messages



----------------
; Legal Notice ;
----------------
Copyright (C) 2018  Intel Corporation. All rights reserved.
Your use of Intel Corporation's design tools, logic functions 
and other software and tools, and its AMPP partner logic 
functions, and any output files from any of the foregoing 
(including device programming or simulation files), and any 
associated documentation or information are expressly subject 
to the terms and conditions of the Intel Program License 
Subscription Agreement, the Intel Quartus Prime License Agreement,
the Intel FPGA IP License Agreement, or other applicable license
agreement, including, without limitation, that your use is for
the sole purpose of programming logic devices manufactured by
Intel and sold by Intel or its authorized distributors.  Please
refer to the applicable agreement for further details.



+---------------------------------------------------------------+
; Assembler Summary                                             ;
+-----------------------+---------------------------------------+
; Assembler Status      ; Successful - Sun Feb 27 13:09:47 2022 ;
; Revision Name         ; traffic_light                         ;
; Top-level Entity Name ; traffic_light                         ;
; Family                ; Cyclone V                             ;
; Device                ; 5CGXFC5C6F27C7                        ;
+-----------------------+---------------------------------------+


+----------------------------------+
; Assembler Settings               ;
+--------+---------+---------------+
; Option ; Setting ; Default Value ;
+--------+---------+---------------+


+----------------------------------------------------------------------------------------------------------+
; Assembler Generated Files                                                                                ;
+----------------------------------------------------------------------------------------------------------+
; File Name                                                                                                ;
+----------------------------------------------------------------------------------------------------------+
; C:/Users/grace/source/repos/Uni-Projects/BME 393L/Lab 4/4_4_traffic_light/output_files/traffic_light.sof ;
; C:/Users/grace/source/repos/Uni-Projects/BME 393L/Lab 4/4_4_traffic_light/output_files/traffic_light.pof ;
+----------------------------------------------------------------------------------------------------------+


+------------------------------------------------------------------------------------------------------------------------------------+
; Assembler Device Options: C:/Users/grace/source/repos/Uni-Projects/BME 393L/Lab 4/4_4_traffic_light/output_files/traffic_light.sof ;
+----------------+-------------------------------------------------------------------------------------------------------------------+
; Option         ; Setting                                                                                                           ;
+----------------+-------------------------------------------------------------------------------------------------------------------+
; JTAG usercode  ; 0x0077E368                                                                                                        ;
; Checksum       ; 0x0077E368                                                                                                        ;
+----------------+-------------------------------------------------------------------------------------------------------------------+


+------------------------------------------------------------------------------------------------------------------------------------+
; Assembler Device Options: C:/Users/grace/source/repos/Uni-Projects/BME 393L/Lab 4/4_4_traffic_light/output_files/traffic_light.pof ;
+--------------------+---------------------------------------------------------------------------------------------------------------+
; Option             ; Setting                                                                                                       ;
+--------------------+---------------------------------------------------------------------------------------------------------------+
; JTAG usercode      ; 0x00000000                                                                                                    ;
; Checksum           ; 0xECE231E1                                                                                                    ;
; Compression Ratio  ; 3                                                                                                             ;
+--------------------+---------------------------------------------------------------------------------------------------------------+


+--------------------+
; Assembler Messages ;
+--------------------+
Info: *******************************************************************
Info: Running Quartus Prime Assembler
    Info: Version 18.1.0 Build 625 09/12/2018 SJ Lite Edition
    Info: Processing started: Sun Feb 27 13:09:23 2022
Info: Command: quartus_asm --read_settings_files=off --write_settings_files=off traffic_light -c traffic_light
Info (125069): Default assignment values were changed in the current version of the Quartus Prime software -- changes to default assignments values are contained in file c:/intelfpga_lite/18.1/quartus/bin64/assignment_defaults.qdf
Warning (18236): Number of processors has not been specified which may cause overloading on shared machines.  Set the global assignment NUM_PARALLEL_PROCESSORS in your QSF to an appropriate value for best performance.
Info (115030): Assembler is generating device programming files
Info: Quartus Prime Assembler was successful. 0 errors, 1 warning
    Info: Peak virtual memory: 4819 megabytes
    Info: Processing ended: Sun Feb 27 13:09:47 2022
    Info: Elapsed time: 00:00:24
    Info: Total CPU time (on all processors): 00:00:17


