Analysis & Synthesis report for dot_scrolling
Fri Mar 04 20:13:45 2022
Quartus Prime Version 18.1.0 Build 625 09/12/2018 SJ Lite Edition


---------------------
; Table of Contents ;
---------------------
  1. Legal Notice
  2. Analysis & Synthesis Summary
  3. Analysis & Synthesis Settings
  4. Parallel Compilation
  5. Analysis & Synthesis Source Files Read
  6. Analysis & Synthesis Resource Usage Summary
  7. Analysis & Synthesis Resource Utilization by Entity
  8. User-Specified and Inferred Latches
  9. Logic Cells Representing Combinational Loops
 10. General Register Statistics
 11. Inverted Register Statistics
 12. Post-Synthesis Netlist Statistics for Top Partition
 13. Elapsed Time Per Partition
 14. Analysis & Synthesis Messages



----------------
; Legal Notice ;
----------------
Copyright (C) 2018  Intel Corporation. All rights reserved.
Your use of Intel Corporation's design tools, logic functions 
and other software and tools, and its AMPP partner logic 
functions, and any output files from any of the foregoing 
(including device programming or simulation files), and any 
associated documentation or information are expressly subject 
to the terms and conditions of the Intel Program License 
Subscription Agreement, the Intel Quartus Prime License Agreement,
the Intel FPGA IP License Agreement, or other applicable license
agreement, including, without limitation, that your use is for
the sole purpose of programming logic devices manufactured by
Intel and sold by Intel or its authorized distributors.  Please
refer to the applicable agreement for further details.



+-------------------------------------------------------------------------------+
; Analysis & Synthesis Summary                                                  ;
+---------------------------------+---------------------------------------------+
; Analysis & Synthesis Status     ; Successful - Fri Mar 04 20:13:45 2022       ;
; Quartus Prime Version           ; 18.1.0 Build 625 09/12/2018 SJ Lite Edition ;
; Revision Name                   ; dot_scrolling                               ;
; Top-level Entity Name           ; dot_scrolling                               ;
; Family                          ; Cyclone V                                   ;
; Logic utilization (in ALMs)     ; N/A                                         ;
; Total registers                 ; 19                                          ;
; Total pins                      ; 37                                          ;
; Total virtual pins              ; 0                                           ;
; Total block memory bits         ; 0                                           ;
; Total DSP Blocks                ; 0                                           ;
; Total HSSI RX PCSs              ; 0                                           ;
; Total HSSI PMA RX Deserializers ; 0                                           ;
; Total HSSI TX PCSs              ; 0                                           ;
; Total HSSI PMA TX Serializers   ; 0                                           ;
; Total PLLs                      ; 0                                           ;
; Total DLLs                      ; 0                                           ;
+---------------------------------+---------------------------------------------+


+---------------------------------------------------------------------------------------------------------------------------+
; Analysis & Synthesis Settings                                                                                             ;
+---------------------------------------------------------------------------------+--------------------+--------------------+
; Option                                                                          ; Setting            ; Default Value      ;
+---------------------------------------------------------------------------------+--------------------+--------------------+
; Device                                                                          ; 5CGXFC5C6F27C7     ;                    ;
; Top-level entity name                                                           ; dot_scrolling      ; dot_scrolling      ;
; Family name                                                                     ; Cyclone V          ; Cyclone V          ;
; Use smart compilation                                                           ; Off                ; Off                ;
; Enable parallel Assembler and Timing Analyzer during compilation                ; On                 ; On                 ;
; Enable compact report table                                                     ; Off                ; Off                ;
; Restructure Multiplexers                                                        ; Auto               ; Auto               ;
; MLAB Add Timing Constraints For Mixed-Port Feed-Through Mode Setting Don't Care ; Off                ; Off                ;
; Create Debugging Nodes for IP Cores                                             ; Off                ; Off                ;
; Preserve fewer node names                                                       ; On                 ; On                 ;
; Intel FPGA IP Evaluation Mode                                                   ; Enable             ; Enable             ;
; Verilog Version                                                                 ; Verilog_2001       ; Verilog_2001       ;
; VHDL Version                                                                    ; VHDL_1993          ; VHDL_1993          ;
; State Machine Processing                                                        ; Auto               ; Auto               ;
; Safe State Machine                                                              ; Off                ; Off                ;
; Extract Verilog State Machines                                                  ; On                 ; On                 ;
; Extract VHDL State Machines                                                     ; On                 ; On                 ;
; Ignore Verilog initial constructs                                               ; Off                ; Off                ;
; Iteration limit for constant Verilog loops                                      ; 5000               ; 5000               ;
; Iteration limit for non-constant Verilog loops                                  ; 250                ; 250                ;
; Add Pass-Through Logic to Inferred RAMs                                         ; On                 ; On                 ;
; Infer RAMs from Raw Logic                                                       ; On                 ; On                 ;
; Parallel Synthesis                                                              ; On                 ; On                 ;
; DSP Block Balancing                                                             ; Auto               ; Auto               ;
; NOT Gate Push-Back                                                              ; On                 ; On                 ;
; Power-Up Don't Care                                                             ; On                 ; On                 ;
; Remove Redundant Logic Cells                                                    ; Off                ; Off                ;
; Remove Duplicate Registers                                                      ; On                 ; On                 ;
; Ignore CARRY Buffers                                                            ; Off                ; Off                ;
; Ignore CASCADE Buffers                                                          ; Off                ; Off                ;
; Ignore GLOBAL Buffers                                                           ; Off                ; Off                ;
; Ignore ROW GLOBAL Buffers                                                       ; Off                ; Off                ;
; Ignore LCELL Buffers                                                            ; Off                ; Off                ;
; Ignore SOFT Buffers                                                             ; On                 ; On                 ;
; Limit AHDL Integers to 32 Bits                                                  ; Off                ; Off                ;
; Optimization Technique                                                          ; Balanced           ; Balanced           ;
; Carry Chain Length                                                              ; 70                 ; 70                 ;
; Auto Carry Chains                                                               ; On                 ; On                 ;
; Auto Open-Drain Pins                                                            ; On                 ; On                 ;
; Perform WYSIWYG Primitive Resynthesis                                           ; Off                ; Off                ;
; Auto ROM Replacement                                                            ; On                 ; On                 ;
; Auto RAM Replacement                                                            ; On                 ; On                 ;
; Auto DSP Block Replacement                                                      ; On                 ; On                 ;
; Auto Shift Register Replacement                                                 ; Auto               ; Auto               ;
; Allow Shift Register Merging across Hierarchies                                 ; Auto               ; Auto               ;
; Auto Clock Enable Replacement                                                   ; On                 ; On                 ;
; Strict RAM Replacement                                                          ; Off                ; Off                ;
; Allow Synchronous Control Signals                                               ; On                 ; On                 ;
; Force Use of Synchronous Clear Signals                                          ; Off                ; Off                ;
; Auto Resource Sharing                                                           ; Off                ; Off                ;
; Allow Any RAM Size For Recognition                                              ; Off                ; Off                ;
; Allow Any ROM Size For Recognition                                              ; Off                ; Off                ;
; Allow Any Shift Register Size For Recognition                                   ; Off                ; Off                ;
; Use LogicLock Constraints during Resource Balancing                             ; On                 ; On                 ;
; Ignore translate_off and synthesis_off directives                               ; Off                ; Off                ;
; Timing-Driven Synthesis                                                         ; On                 ; On                 ;
; Report Parameter Settings                                                       ; On                 ; On                 ;
; Report Source Assignments                                                       ; On                 ; On                 ;
; Report Connectivity Checks                                                      ; On                 ; On                 ;
; Ignore Maximum Fan-Out Assignments                                              ; Off                ; Off                ;
; Synchronization Register Chain Length                                           ; 3                  ; 3                  ;
; Power Optimization During Synthesis                                             ; Normal compilation ; Normal compilation ;
; HDL message level                                                               ; Level2             ; Level2             ;
; Suppress Register Optimization Related Messages                                 ; Off                ; Off                ;
; Number of Removed Registers Reported in Synthesis Report                        ; 5000               ; 5000               ;
; Number of Swept Nodes Reported in Synthesis Report                              ; 5000               ; 5000               ;
; Number of Inverted Registers Reported in Synthesis Report                       ; 100                ; 100                ;
; Clock MUX Protection                                                            ; On                 ; On                 ;
; Auto Gated Clock Conversion                                                     ; Off                ; Off                ;
; Block Design Naming                                                             ; Auto               ; Auto               ;
; SDC constraint protection                                                       ; Off                ; Off                ;
; Synthesis Effort                                                                ; Auto               ; Auto               ;
; Shift Register Replacement - Allow Asynchronous Clear Signal                    ; On                 ; On                 ;
; Pre-Mapping Resynthesis Optimization                                            ; Off                ; Off                ;
; Analysis & Synthesis Message Level                                              ; Medium             ; Medium             ;
; Disable Register Merging Across Hierarchies                                     ; Auto               ; Auto               ;
; Resource Aware Inference For Block RAM                                          ; On                 ; On                 ;
; Automatic Parallel Synthesis                                                    ; On                 ; On                 ;
; Partial Reconfiguration Bitstream ID                                            ; Off                ; Off                ;
+---------------------------------------------------------------------------------+--------------------+--------------------+


+------------------------------------------+
; Parallel Compilation                     ;
+----------------------------+-------------+
; Processors                 ; Number      ;
+----------------------------+-------------+
; Number detected on machine ; 12          ;
; Maximum allowed            ; 12          ;
;                            ;             ;
; Average used               ; 1.00        ;
; Maximum used               ; 1           ;
;                            ;             ;
; Usage by Processor         ; % Time Used ;
;     Processor 1            ; 100.0%      ;
+----------------------------+-------------+


+---------------------------------------------------------------------------------------------------------------------------------------------------------------------------+
; Analysis & Synthesis Source Files Read                                                                                                                                    ;
+----------------------------------+-----------------+-----------------+------------------------------------------------------------------------------------------+---------+
; File Name with User-Entered Path ; Used in Netlist ; File Type       ; File Name with Absolute Path                                                             ; Library ;
+----------------------------------+-----------------+-----------------+------------------------------------------------------------------------------------------+---------+
; dot_scrolling.vhd                ; yes             ; User VHDL File  ; C:/Users/User/source/repos/Uni-Projects/BME 393L/Project/dot_scrolling/dot_scrolling.vhd ;         ;
+----------------------------------+-----------------+-----------------+------------------------------------------------------------------------------------------+---------+


+--------------------------------------------------------+
; Analysis & Synthesis Resource Usage Summary            ;
+---------------------------------------------+----------+
; Resource                                    ; Usage    ;
+---------------------------------------------+----------+
; Estimate of Logic utilization (ALMs needed) ; 22       ;
;                                             ;          ;
; Combinational ALUT usage for logic          ; 37       ;
;     -- 7 input functions                    ; 0        ;
;     -- 6 input functions                    ; 2        ;
;     -- 5 input functions                    ; 3        ;
;     -- 4 input functions                    ; 0        ;
;     -- <=3 input functions                  ; 32       ;
;                                             ;          ;
; Dedicated logic registers                   ; 19       ;
;                                             ;          ;
; I/O pins                                    ; 37       ;
;                                             ;          ;
; Total DSP Blocks                            ; 0        ;
;                                             ;          ;
; Maximum fan-out node                        ; Equal0~5 ;
; Maximum fan-out                             ; 24       ;
; Total fan-out                               ; 207      ;
; Average fan-out                             ; 1.59     ;
+---------------------------------------------+----------+


+------------------------------------------------------------------------------------------------------------------------------------------------------------------------------------------+
; Analysis & Synthesis Resource Utilization by Entity                                                                                                                                      ;
+----------------------------+---------------------+---------------------------+-------------------+------------+------+--------------+---------------------+---------------+--------------+
; Compilation Hierarchy Node ; Combinational ALUTs ; Dedicated Logic Registers ; Block Memory Bits ; DSP Blocks ; Pins ; Virtual Pins ; Full Hierarchy Name ; Entity Name   ; Library Name ;
+----------------------------+---------------------+---------------------------+-------------------+------------+------+--------------+---------------------+---------------+--------------+
; |dot_scrolling             ; 37 (37)             ; 19 (19)                   ; 0                 ; 0          ; 37   ; 0            ; |dot_scrolling      ; dot_scrolling ; work         ;
+----------------------------+---------------------+---------------------------+-------------------+------------+------+--------------+---------------------+---------------+--------------+
Note: For table entries with two numbers listed, the numbers in parentheses indicate the number of resources of the given type used by the specific entity alone. The numbers listed outside of parentheses indicate the total resources of the given type used by the specific entity and all of its sub-entities in the hierarchy.


+---------------------------------------------------------------------------------------------------+
; User-Specified and Inferred Latches                                                               ;
+----------------------------------------------------+---------------------+------------------------+
; Latch Name                                         ; Latch Enable Signal ; Free of Timing Hazards ;
+----------------------------------------------------+---------------------+------------------------+
; hz10                                               ; counter[21]         ; yes                    ;
; Number of user-specified and inferred latches = 1  ;                     ;                        ;
+----------------------------------------------------+---------------------+------------------------+
Note: All latches listed above may not be present at the end of synthesis due to various synthesis optimizations.


+-------------------------------------------------------------+
; Logic Cells Representing Combinational Loops                ;
+--------------------------------------------------------+----+
; Logic Cell Name                                        ;    ;
+--------------------------------------------------------+----+
; counter[21]~0                                          ;    ;
; Equal0~0                                               ;    ;
; counter[18]~1                                          ;    ;
; counter[17]~2                                          ;    ;
; counter[13]~3                                          ;    ;
; counter[10]~4                                          ;    ;
; counter[8]~5                                           ;    ;
; counter[7]~6                                           ;    ;
; counter[4]~7                                           ;    ;
; counter[3]~8                                           ;    ;
; counter[2]~9                                           ;    ;
; counter[1]~10                                          ;    ;
; counter[20]~11                                         ;    ;
; counter[19]~12                                         ;    ;
; counter[16]~13                                         ;    ;
; counter[15]~14                                         ;    ;
; counter[14]~15                                         ;    ;
; counter[12]~16                                         ;    ;
; counter[11]~17                                         ;    ;
; counter[9]~18                                          ;    ;
; counter[6]~19                                          ;    ;
; counter[5]~20                                          ;    ;
; counter[0]~21                                          ;    ;
; Number of logic cells representing combinational loops ; 23 ;
+--------------------------------------------------------+----+
Note: All cells listed above may not be present at the end of synthesis due to various synthesis optimizations.


+------------------------------------------------------+
; General Register Statistics                          ;
+----------------------------------------------+-------+
; Statistic                                    ; Value ;
+----------------------------------------------+-------+
; Total registers                              ; 19    ;
; Number of registers using Synchronous Clear  ; 0     ;
; Number of registers using Synchronous Load   ; 0     ;
; Number of registers using Asynchronous Clear ; 0     ;
; Number of registers using Asynchronous Load  ; 0     ;
; Number of registers using Clock Enable       ; 8     ;
; Number of registers using Preset             ; 0     ;
+----------------------------------------------+-------+


+--------------------------------------------------+
; Inverted Register Statistics                     ;
+----------------------------------------+---------+
; Inverted Register                      ; Fan out ;
+----------------------------------------+---------+
; row_driver[0]                          ; 2       ;
; col_driver[1]                          ; 2       ;
; col_driver[2]                          ; 2       ;
; col_driver[3]                          ; 2       ;
; col_driver[4]                          ; 2       ;
; col_driver[5]                          ; 2       ;
; col_driver[6]                          ; 2       ;
; col_driver[7]                          ; 2       ;
; Total number of inverted registers = 8 ;         ;
+----------------------------------------+---------+


+-----------------------------------------------------+
; Post-Synthesis Netlist Statistics for Top Partition ;
+-----------------------+-----------------------------+
; Type                  ; Count                       ;
+-----------------------+-----------------------------+
; arriav_ff             ; 19                          ;
;     ENA               ; 8                           ;
;     plain             ; 11                          ;
; arriav_lcell_comb     ; 46                          ;
;     arith             ; 21                          ;
;         1 data inputs ; 1                           ;
;         2 data inputs ; 19                          ;
;         3 data inputs ; 1                           ;
;     normal            ; 25                          ;
;         0 data inputs ; 1                           ;
;         1 data inputs ; 13                          ;
;         2 data inputs ; 4                           ;
;         3 data inputs ; 2                           ;
;         5 data inputs ; 3                           ;
;         6 data inputs ; 2                           ;
; boundary_port         ; 37                          ;
;                       ;                             ;
; Max LUT depth         ; 4.00                        ;
; Average LUT depth     ; 2.20                        ;
+-----------------------+-----------------------------+


+-------------------------------+
; Elapsed Time Per Partition    ;
+----------------+--------------+
; Partition Name ; Elapsed Time ;
+----------------+--------------+
; Top            ; 00:00:00     ;
+----------------+--------------+


+-------------------------------+
; Analysis & Synthesis Messages ;
+-------------------------------+
Info: *******************************************************************
Info: Running Quartus Prime Analysis & Synthesis
    Info: Version 18.1.0 Build 625 09/12/2018 SJ Lite Edition
    Info: Processing started: Fri Mar 04 20:13:34 2022
Info: Command: quartus_map --read_settings_files=on --write_settings_files=off dot_scrolling -c dot_scrolling
Warning (18236): Number of processors has not been specified which may cause overloading on shared machines.  Set the global assignment NUM_PARALLEL_PROCESSORS in your QSF to an appropriate value for best performance.
Info (20030): Parallel compilation is enabled and will use 12 of the 12 processors detected
Info (12021): Found 2 design units, including 1 entities, in source file dot_scrolling.vhd
    Info (12022): Found design unit 1: dot_scrolling-main File: C:/Users/User/source/repos/Uni-Projects/BME 393L/Project/dot_scrolling/dot_scrolling.vhd Line: 10
    Info (12023): Found entity 1: dot_scrolling File: C:/Users/User/source/repos/Uni-Projects/BME 393L/Project/dot_scrolling/dot_scrolling.vhd Line: 5
Info (12127): Elaborating entity "dot_scrolling" for the top level hierarchy
Warning (10492): VHDL Process Statement warning at dot_scrolling.vhd(20): signal "counter" is read inside the Process Statement but isn't in the Process Statement's sensitivity list File: C:/Users/User/source/repos/Uni-Projects/BME 393L/Project/dot_scrolling/dot_scrolling.vhd Line: 20
Warning (10492): VHDL Process Statement warning at dot_scrolling.vhd(22): signal "hz10" is read inside the Process Statement but isn't in the Process Statement's sensitivity list File: C:/Users/User/source/repos/Uni-Projects/BME 393L/Project/dot_scrolling/dot_scrolling.vhd Line: 22
Warning (10492): VHDL Process Statement warning at dot_scrolling.vhd(24): signal "counter" is read inside the Process Statement but isn't in the Process Statement's sensitivity list File: C:/Users/User/source/repos/Uni-Projects/BME 393L/Project/dot_scrolling/dot_scrolling.vhd Line: 24
Warning (10631): VHDL Process Statement warning at dot_scrolling.vhd(19): inferring latch(es) for signal or variable "hz10", which holds its previous value in one or more paths through the process File: C:/Users/User/source/repos/Uni-Projects/BME 393L/Project/dot_scrolling/dot_scrolling.vhd Line: 19
Warning (10873): Using initial value X (don't care) for net "GPIO[34]" at dot_scrolling.vhd(7) File: C:/Users/User/source/repos/Uni-Projects/BME 393L/Project/dot_scrolling/dot_scrolling.vhd Line: 7
Warning (10873): Using initial value X (don't care) for net "GPIO[32]" at dot_scrolling.vhd(7) File: C:/Users/User/source/repos/Uni-Projects/BME 393L/Project/dot_scrolling/dot_scrolling.vhd Line: 7
Warning (10873): Using initial value X (don't care) for net "GPIO[30]" at dot_scrolling.vhd(7) File: C:/Users/User/source/repos/Uni-Projects/BME 393L/Project/dot_scrolling/dot_scrolling.vhd Line: 7
Warning (10873): Using initial value X (don't care) for net "GPIO[28]" at dot_scrolling.vhd(7) File: C:/Users/User/source/repos/Uni-Projects/BME 393L/Project/dot_scrolling/dot_scrolling.vhd Line: 7
Warning (10873): Using initial value X (don't care) for net "GPIO[26]" at dot_scrolling.vhd(7) File: C:/Users/User/source/repos/Uni-Projects/BME 393L/Project/dot_scrolling/dot_scrolling.vhd Line: 7
Warning (10873): Using initial value X (don't care) for net "GPIO[24]" at dot_scrolling.vhd(7) File: C:/Users/User/source/repos/Uni-Projects/BME 393L/Project/dot_scrolling/dot_scrolling.vhd Line: 7
Warning (10873): Using initial value X (don't care) for net "GPIO[22]" at dot_scrolling.vhd(7) File: C:/Users/User/source/repos/Uni-Projects/BME 393L/Project/dot_scrolling/dot_scrolling.vhd Line: 7
Warning (10873): Using initial value X (don't care) for net "GPIO[20..16]" at dot_scrolling.vhd(7) File: C:/Users/User/source/repos/Uni-Projects/BME 393L/Project/dot_scrolling/dot_scrolling.vhd Line: 7
Warning (10873): Using initial value X (don't care) for net "GPIO[14]" at dot_scrolling.vhd(7) File: C:/Users/User/source/repos/Uni-Projects/BME 393L/Project/dot_scrolling/dot_scrolling.vhd Line: 7
Warning (10873): Using initial value X (don't care) for net "GPIO[12]" at dot_scrolling.vhd(7) File: C:/Users/User/source/repos/Uni-Projects/BME 393L/Project/dot_scrolling/dot_scrolling.vhd Line: 7
Warning (10873): Using initial value X (don't care) for net "GPIO[10]" at dot_scrolling.vhd(7) File: C:/Users/User/source/repos/Uni-Projects/BME 393L/Project/dot_scrolling/dot_scrolling.vhd Line: 7
Warning (10873): Using initial value X (don't care) for net "GPIO[8]" at dot_scrolling.vhd(7) File: C:/Users/User/source/repos/Uni-Projects/BME 393L/Project/dot_scrolling/dot_scrolling.vhd Line: 7
Warning (10873): Using initial value X (don't care) for net "GPIO[6]" at dot_scrolling.vhd(7) File: C:/Users/User/source/repos/Uni-Projects/BME 393L/Project/dot_scrolling/dot_scrolling.vhd Line: 7
Warning (10873): Using initial value X (don't care) for net "GPIO[4]" at dot_scrolling.vhd(7) File: C:/Users/User/source/repos/Uni-Projects/BME 393L/Project/dot_scrolling/dot_scrolling.vhd Line: 7
Warning (10873): Using initial value X (don't care) for net "GPIO[2]" at dot_scrolling.vhd(7) File: C:/Users/User/source/repos/Uni-Projects/BME 393L/Project/dot_scrolling/dot_scrolling.vhd Line: 7
Warning (10873): Using initial value X (don't care) for net "GPIO[0]" at dot_scrolling.vhd(7) File: C:/Users/User/source/repos/Uni-Projects/BME 393L/Project/dot_scrolling/dot_scrolling.vhd Line: 7
Info (10041): Inferred latch for "hz10" at dot_scrolling.vhd(19) File: C:/Users/User/source/repos/Uni-Projects/BME 393L/Project/dot_scrolling/dot_scrolling.vhd Line: 19
Warning (13024): Output pins are stuck at VCC or GND
    Warning (13410): Pin "GPIO[0]" is stuck at GND File: C:/Users/User/source/repos/Uni-Projects/BME 393L/Project/dot_scrolling/dot_scrolling.vhd Line: 7
    Warning (13410): Pin "GPIO[2]" is stuck at GND File: C:/Users/User/source/repos/Uni-Projects/BME 393L/Project/dot_scrolling/dot_scrolling.vhd Line: 7
    Warning (13410): Pin "GPIO[4]" is stuck at GND File: C:/Users/User/source/repos/Uni-Projects/BME 393L/Project/dot_scrolling/dot_scrolling.vhd Line: 7
    Warning (13410): Pin "GPIO[6]" is stuck at GND File: C:/Users/User/source/repos/Uni-Projects/BME 393L/Project/dot_scrolling/dot_scrolling.vhd Line: 7
    Warning (13410): Pin "GPIO[8]" is stuck at GND File: C:/Users/User/source/repos/Uni-Projects/BME 393L/Project/dot_scrolling/dot_scrolling.vhd Line: 7
    Warning (13410): Pin "GPIO[10]" is stuck at GND File: C:/Users/User/source/repos/Uni-Projects/BME 393L/Project/dot_scrolling/dot_scrolling.vhd Line: 7
    Warning (13410): Pin "GPIO[12]" is stuck at GND File: C:/Users/User/source/repos/Uni-Projects/BME 393L/Project/dot_scrolling/dot_scrolling.vhd Line: 7
    Warning (13410): Pin "GPIO[14]" is stuck at GND File: C:/Users/User/source/repos/Uni-Projects/BME 393L/Project/dot_scrolling/dot_scrolling.vhd Line: 7
    Warning (13410): Pin "GPIO[16]" is stuck at GND File: C:/Users/User/source/repos/Uni-Projects/BME 393L/Project/dot_scrolling/dot_scrolling.vhd Line: 7
    Warning (13410): Pin "GPIO[17]" is stuck at GND File: C:/Users/User/source/repos/Uni-Projects/BME 393L/Project/dot_scrolling/dot_scrolling.vhd Line: 7
    Warning (13410): Pin "GPIO[18]" is stuck at GND File: C:/Users/User/source/repos/Uni-Projects/BME 393L/Project/dot_scrolling/dot_scrolling.vhd Line: 7
    Warning (13410): Pin "GPIO[19]" is stuck at GND File: C:/Users/User/source/repos/Uni-Projects/BME 393L/Project/dot_scrolling/dot_scrolling.vhd Line: 7
    Warning (13410): Pin "GPIO[20]" is stuck at GND File: C:/Users/User/source/repos/Uni-Projects/BME 393L/Project/dot_scrolling/dot_scrolling.vhd Line: 7
    Warning (13410): Pin "GPIO[22]" is stuck at GND File: C:/Users/User/source/repos/Uni-Projects/BME 393L/Project/dot_scrolling/dot_scrolling.vhd Line: 7
    Warning (13410): Pin "GPIO[24]" is stuck at GND File: C:/Users/User/source/repos/Uni-Projects/BME 393L/Project/dot_scrolling/dot_scrolling.vhd Line: 7
    Warning (13410): Pin "GPIO[26]" is stuck at GND File: C:/Users/User/source/repos/Uni-Projects/BME 393L/Project/dot_scrolling/dot_scrolling.vhd Line: 7
    Warning (13410): Pin "GPIO[28]" is stuck at GND File: C:/Users/User/source/repos/Uni-Projects/BME 393L/Project/dot_scrolling/dot_scrolling.vhd Line: 7
    Warning (13410): Pin "GPIO[30]" is stuck at GND File: C:/Users/User/source/repos/Uni-Projects/BME 393L/Project/dot_scrolling/dot_scrolling.vhd Line: 7
    Warning (13410): Pin "GPIO[32]" is stuck at GND File: C:/Users/User/source/repos/Uni-Projects/BME 393L/Project/dot_scrolling/dot_scrolling.vhd Line: 7
    Warning (13410): Pin "GPIO[34]" is stuck at GND File: C:/Users/User/source/repos/Uni-Projects/BME 393L/Project/dot_scrolling/dot_scrolling.vhd Line: 7
Info (286030): Timing-Driven Synthesis is running
Info (16010): Generating hard_block partition "hard_block:auto_generated_inst"
    Info (16011): Adding 0 node(s), including 0 DDIO, 0 PLL, 0 transceiver and 0 LCELL
Warning (21074): Design contains 1 input pin(s) that do not drive logic
    Warning (15610): No output dependent on input pin "CLOCK_50_B5B" File: C:/Users/User/source/repos/Uni-Projects/BME 393L/Project/dot_scrolling/dot_scrolling.vhd Line: 6
Info (21057): Implemented 86 device resources after synthesis - the final resource count might be different
    Info (21058): Implemented 1 input pins
    Info (21059): Implemented 36 output pins
    Info (21061): Implemented 49 logic cells
Info: Quartus Prime Analysis & Synthesis was successful. 0 errors, 44 warnings
    Info: Peak virtual memory: 4859 megabytes
    Info: Processing ended: Fri Mar 04 20:13:45 2022
    Info: Elapsed time: 00:00:11
    Info: Total CPU time (on all processors): 00:00:20


