Assembler report for elevator
Thu Feb 10 10:56:06 2022
Quartus Prime Version 18.1.0 Build 625 09/12/2018 SJ Lite Edition


---------------------
; Table of Contents ;
---------------------
  1. Legal Notice
  2. Assembler Summary
  3. Assembler Settings
  4. Assembler Generated Files
  5. Assembler Device Options: C:/Users/grace/source/repos/Uni-Projects/BME 393L/Lab 3/elevator/output_files/elevator.sof
  6. Assembler Device Options: C:/Users/grace/source/repos/Uni-Projects/BME 393L/Lab 3/elevator/output_files/elevator.pof
  7. Assembler Messages



----------------
; Legal Notice ;
----------------
Copyright (C) 2018  Intel Corporation. All rights reserved.
Your use of Intel Corporation's design tools, logic functions 
and other software and tools, and its AMPP partner logic 
functions, and any output files from any of the foregoing 
(including device programming or simulation files), and any 
associated documentation or information are expressly subject 
to the terms and conditions of the Intel Program License 
Subscription Agreement, the Intel Quartus Prime License Agreement,
the Intel FPGA IP License Agreement, or other applicable license
agreement, including, without limitation, that your use is for
the sole purpose of programming logic devices manufactured by
Intel and sold by Intel or its authorized distributors.  Please
refer to the applicable agreement for further details.



+---------------------------------------------------------------+
; Assembler Summary                                             ;
+-----------------------+---------------------------------------+
; Assembler Status      ; Successful - Thu Feb 10 10:56:06 2022 ;
; Revision Name         ; elevator                              ;
; Top-level Entity Name ; elevator                              ;
; Family                ; Cyclone V                             ;
; Device                ; 5CGXFC5C6F27C7                        ;
+-----------------------+---------------------------------------+


+----------------------------------+
; Assembler Settings               ;
+--------+---------+---------------+
; Option ; Setting ; Default Value ;
+--------+---------+---------------+


+--------------------------------------------------------------------------------------------+
; Assembler Generated Files                                                                  ;
+--------------------------------------------------------------------------------------------+
; File Name                                                                                  ;
+--------------------------------------------------------------------------------------------+
; C:/Users/grace/source/repos/Uni-Projects/BME 393L/Lab 3/elevator/output_files/elevator.sof ;
; C:/Users/grace/source/repos/Uni-Projects/BME 393L/Lab 3/elevator/output_files/elevator.pof ;
+--------------------------------------------------------------------------------------------+


+----------------------------------------------------------------------------------------------------------------------+
; Assembler Device Options: C:/Users/grace/source/repos/Uni-Projects/BME 393L/Lab 3/elevator/output_files/elevator.sof ;
+----------------+-----------------------------------------------------------------------------------------------------+
; Option         ; Setting                                                                                             ;
+----------------+-----------------------------------------------------------------------------------------------------+
; JTAG usercode  ; 0x0077F567                                                                                          ;
; Checksum       ; 0x0077F567                                                                                          ;
+----------------+-----------------------------------------------------------------------------------------------------+


+----------------------------------------------------------------------------------------------------------------------+
; Assembler Device Options: C:/Users/grace/source/repos/Uni-Projects/BME 393L/Lab 3/elevator/output_files/elevator.pof ;
+--------------------+-------------------------------------------------------------------------------------------------+
; Option             ; Setting                                                                                         ;
+--------------------+-------------------------------------------------------------------------------------------------+
; JTAG usercode      ; 0x00000000                                                                                      ;
; Checksum           ; 0xECE2CCEA                                                                                      ;
; Compression Ratio  ; 3                                                                                               ;
+--------------------+-------------------------------------------------------------------------------------------------+


+--------------------+
; Assembler Messages ;
+--------------------+
Info: *******************************************************************
Info: Running Quartus Prime Assembler
    Info: Version 18.1.0 Build 625 09/12/2018 SJ Lite Edition
    Info: Processing started: Thu Feb 10 10:55:50 2022
Info: Command: quartus_asm --read_settings_files=off --write_settings_files=off elevator -c elevator
Warning (18236): Number of processors has not been specified which may cause overloading on shared machines.  Set the global assignment NUM_PARALLEL_PROCESSORS in your QSF to an appropriate value for best performance.
Info (115030): Assembler is generating device programming files
Info: Quartus Prime Assembler was successful. 0 errors, 1 warning
    Info: Peak virtual memory: 4821 megabytes
    Info: Processing ended: Thu Feb 10 10:56:06 2022
    Info: Elapsed time: 00:00:16
    Info: Total CPU time (on all processors): 00:00:15


